Recording raw data 'stdin' : Signed 16 bit Little Endian, Rate 16000 Hz, Mono
Aborted by signal Terminated...
arecord: pcm_read:2152: read error: Interrupted system call
arecord: main:830: audio open error: No such file or directory
Recording raw data 'stdin' : Signed 16 bit Little Endian, Rate 16000 Hz, Mono
Aborted by signal Terminated...
arecord: pcm_read:2152: read error: Interrupted system call
Recording raw data 'stdin' : Signed 16 bit Little Endian, Rate 16000 Hz, Mono
Aborted by signal Terminated...
arecord: pcm_read:2152: read error: Interrupted system call
arecord: main:830: audio open error: No such file or directory
Recording raw data 'stdin' : Signed 16 bit Little Endian, Rate 16000 Hz, Mono
Aborted by signal Terminated...
arecord: pcm_read:2152: read error: Interrupted system call
Traceback (most recent call last):
  File "/home/pi/billybass/wake.py", line 50, in <module>
    main()
  File "/home/pi/billybass/wake.py", line 32, in main
    result = subprocess.run(["./billy"], capture_output=True, text=True,stdout=open("/home/pi/billybass/go_stdout.log", "a"),
  File "/usr/lib/python3.9/subprocess.py", line 500, in run
    raise ValueError('stdout and stderr arguments may not be used '
ValueError: stdout and stderr arguments may not be used with capture_output.
Recording raw data 'stdin' : Signed 16 bit Little Endian, Rate 16000 Hz, Mono
Aborted by signal Terminated...
arecord: pcm_read:2152: read error: Interrupted system call
Traceback (most recent call last):
  File "/home/pi/billybass/wake.py", line 50, in <module>
    main()
  File "/home/pi/billybass/wake.py", line 32, in main
    result = subprocess.run(["./billy"], capture_output=True, text=True,stdout=open("/home/pi/billybass/go_stdout.log", "a"),
  File "/usr/lib/python3.9/subprocess.py", line 500, in run
    raise ValueError('stdout and stderr arguments may not be used '
ValueError: stdout and stderr arguments may not be used with capture_output.
Recording raw data 'stdin' : Signed 16 bit Little Endian, Rate 16000 Hz, Mono
Aborted by signal Terminated...
arecord: pcm_read:2152: read error: Interrupted system call
Recording raw data 'stdin' : Signed 16 bit Little Endian, Rate 16000 Hz, Mono
Aborted by signal Terminated...
arecord: pcm_read:2152: read error: Interrupted system call
Recording raw data 'stdin' : Signed 16 bit Little Endian, Rate 16000 Hz, Mono
Aborted by signal Terminated...
arecord: pcm_read:2152: read error: Interrupted system call
arecord: main:830: audio open error: No such file or directory
Recording raw data 'stdin' : Signed 16 bit Little Endian, Rate 16000 Hz, Mono
Aborted by signal Terminated...
arecord: pcm_read:2152: read error: Interrupted system call
arecord: main:830: audio open error: No such file or directory
Recording raw data 'stdin' : Signed 16 bit Little Endian, Rate 16000 Hz, Mono
Aborted by signal Terminated...
arecord: pcm_read:2152: read error: Interrupted system call
arecord: main:830: audio open error: No such file or directory
Recording raw data 'stdin' : Signed 16 bit Little Endian, Rate 16000 Hz, Mono
Aborted by signal Terminated...
arecord: pcm_read:2152: read error: Interrupted system call
Recording raw data 'stdin' : Signed 16 bit Little Endian, Rate 16000 Hz, Mono
ALSA lib pcm_params.c:2226:(snd1_pcm_hw_refine_slave) Slave PCM not usable
arecord: set_params:1314: Broken configuration for this PCM: no configurations available
Recording raw data 'stdin' : Signed 16 bit Little Endian, Rate 16000 Hz, Mono
Aborted by signal Terminated...
arecord: pcm_read:2152: read error: Interrupted system call
Recording raw data 'stdin' : Signed 16 bit Little Endian, Rate 16000 Hz, Mono
Aborted by signal Terminated...
arecord: pcm_read:2152: read error: Interrupted system call
Recording raw data 'stdin' : Signed 16 bit Little Endian, Rate 16000 Hz, Mono
ALSA lib pcm_params.c:2226:(snd1_pcm_hw_refine_slave) Slave PCM not usable
arecord: set_params:1314: Broken configuration for this PCM: no configurations available
Recording raw data 'stdin' : Signed 16 bit Little Endian, Rate 16000 Hz, Mono
Aborted by signal Terminated...
arecord: pcm_read:2152: read error: Interrupted system call
arecord: main:830: audio open error: No such file or directory
Recording raw data 'stdin' : Signed 16 bit Little Endian, Rate 16000 Hz, Mono
Aborted by signal Terminated...
arecord: pcm_read:2152: read error: Interrupted system call
arecord: main:830: audio open error: No such file or directory
Recording raw data 'stdin' : Signed 16 bit Little Endian, Rate 16000 Hz, Mono
Aborted by signal Terminated...
arecord: pcm_read:2152: read error: Interrupted system call
arecord: main:830: audio open error: No such file or directory
Recording raw data 'stdin' : Signed 16 bit Little Endian, Rate 16000 Hz, Mono
Aborted by signal Terminated...
arecord: pcm_read:2152: read error: Interrupted system call
Recording raw data 'stdin' : Signed 16 bit Little Endian, Rate 16000 Hz, Mono
Aborted by signal Terminated...
arecord: pcm_read:2152: read error: Interrupted system call
arecord: main:830: audio open error: No such file or directory
arecord: main:830: audio open error: No such file or directory
arecord: main:830: audio open error: No such file or directory
arecord: main:830: audio open error: No such file or directory
Recording raw data 'stdin' : Signed 16 bit Little Endian, Rate 16000 Hz, Mono
Aborted by signal Terminated...
arecord: pcm_read:2152: read error: Interrupted system call
arecord: main:830: audio open error: Device or resource busy
